C:\USERS\LOL\DOCUMENTS\VISUAL STUDIO 2010\PROJECTS\SNIPPINGTOOL\DEBUG\SNIPPINGTOOL.EXE
C:\USERS\LOL\DOCUMENTS\VISUAL STUDIO 2010\PROJECTS\SNIPPINGTOOL\DEBUG\SNIPPINGTOOL.ILK
C:\USERS\LOL\DOCUMENTS\VISUAL STUDIO 2010\PROJECTS\SNIPPINGTOOL\DEBUG\SNIPPINGTOOL.PDB
C:\USERS\LOL\DOCUMENTS\VISUAL STUDIO 2010\PROJECTS\SNIPPINGTOOL\SNIPPINGTOOL\DEBUG\.NETFRAMEWORK,VERSION=V4.0.ASSEMBLYATTRIBUTES.OBJ
C:\USERS\LOL\DOCUMENTS\VISUAL STUDIO 2010\PROJECTS\SNIPPINGTOOL\SNIPPINGTOOL\DEBUG\APP.RES
C:\USERS\LOL\DOCUMENTS\VISUAL STUDIO 2010\PROJECTS\SNIPPINGTOOL\SNIPPINGTOOL\DEBUG\ASSEMBLYINFO.OBJ
C:\Users\lol\Documents\Visual Studio 2010\Projects\SnippingTool\SnippingTool\Debug\cl.command.1.tlog
C:\Users\lol\Documents\Visual Studio 2010\Projects\SnippingTool\SnippingTool\Debug\CL.read.1.tlog
C:\Users\lol\Documents\Visual Studio 2010\Projects\SnippingTool\SnippingTool\Debug\CL.write.1.tlog
C:\USERS\LOL\DOCUMENTS\VISUAL STUDIO 2010\PROJECTS\SNIPPINGTOOL\SNIPPINGTOOL\DEBUG\FORM2.OBJ
C:\Users\lol\Documents\Visual Studio 2010\Projects\SnippingTool\SnippingTool\Debug\link.1056.read.1.tlog
C:\Users\lol\Documents\Visual Studio 2010\Projects\SnippingTool\SnippingTool\Debug\link.1056.write.1.tlog
C:\Users\lol\Documents\Visual Studio 2010\Projects\SnippingTool\SnippingTool\Debug\link.1056-cvtres.read.1.tlog
C:\Users\lol\Documents\Visual Studio 2010\Projects\SnippingTool\SnippingTool\Debug\link.1056-cvtres.write.1.tlog
C:\Users\lol\Documents\Visual Studio 2010\Projects\SnippingTool\SnippingTool\Debug\link.1080.read.1.tlog
C:\Users\lol\Documents\Visual Studio 2010\Projects\SnippingTool\SnippingTool\Debug\link.1080.write.1.tlog
C:\Users\lol\Documents\Visual Studio 2010\Projects\SnippingTool\SnippingTool\Debug\link.1080-cvtres.read.1.tlog
C:\Users\lol\Documents\Visual Studio 2010\Projects\SnippingTool\SnippingTool\Debug\link.1080-cvtres.write.1.tlog
C:\Users\lol\Documents\Visual Studio 2010\Projects\SnippingTool\SnippingTool\Debug\link.1104.read.1.tlog
C:\Users\lol\Documents\Visual Studio 2010\Projects\SnippingTool\SnippingTool\Debug\link.1104.write.1.tlog
C:\Users\lol\Documents\Visual Studio 2010\Projects\SnippingTool\SnippingTool\Debug\link.1104-cvtres.read.1.tlog
C:\Users\lol\Documents\Visual Studio 2010\Projects\SnippingTool\SnippingTool\Debug\link.1104-cvtres.write.1.tlog
C:\Users\lol\Documents\Visual Studio 2010\Projects\SnippingTool\SnippingTool\Debug\link.1160.read.1.tlog
C:\Users\lol\Documents\Visual Studio 2010\Projects\SnippingTool\SnippingTool\Debug\link.1160.write.1.tlog
C:\Users\lol\Documents\Visual Studio 2010\Projects\SnippingTool\SnippingTool\Debug\link.1160-cvtres.read.1.tlog
C:\Users\lol\Documents\Visual Studio 2010\Projects\SnippingTool\SnippingTool\Debug\link.1160-cvtres.write.1.tlog
C:\Users\lol\Documents\Visual Studio 2010\Projects\SnippingTool\SnippingTool\Debug\link.1328.read.1.tlog
C:\Users\lol\Documents\Visual Studio 2010\Projects\SnippingTool\SnippingTool\Debug\link.1328.write.1.tlog
C:\Users\lol\Documents\Visual Studio 2010\Projects\SnippingTool\SnippingTool\Debug\link.1328-cvtres.read.1.tlog
C:\Users\lol\Documents\Visual Studio 2010\Projects\SnippingTool\SnippingTool\Debug\link.1328-cvtres.write.1.tlog
C:\Users\lol\Documents\Visual Studio 2010\Projects\SnippingTool\SnippingTool\Debug\link.1352.read.1.tlog
C:\Users\lol\Documents\Visual Studio 2010\Projects\SnippingTool\SnippingTool\Debug\link.1352.write.1.tlog
C:\Users\lol\Documents\Visual Studio 2010\Projects\SnippingTool\SnippingTool\Debug\link.1352-cvtres.read.1.tlog
C:\Users\lol\Documents\Visual Studio 2010\Projects\SnippingTool\SnippingTool\Debug\link.1352-cvtres.write.1.tlog
C:\Users\lol\Documents\Visual Studio 2010\Projects\SnippingTool\SnippingTool\Debug\link.1692.read.1.tlog
C:\Users\lol\Documents\Visual Studio 2010\Projects\SnippingTool\SnippingTool\Debug\link.1692.write.1.tlog
C:\Users\lol\Documents\Visual Studio 2010\Projects\SnippingTool\SnippingTool\Debug\link.1692-cvtres.read.1.tlog
C:\Users\lol\Documents\Visual Studio 2010\Projects\SnippingTool\SnippingTool\Debug\link.1692-cvtres.write.1.tlog
C:\Users\lol\Documents\Visual Studio 2010\Projects\SnippingTool\SnippingTool\Debug\link.1896.read.1.tlog
C:\Users\lol\Documents\Visual Studio 2010\Projects\SnippingTool\SnippingTool\Debug\link.1896.write.1.tlog
C:\Users\lol\Documents\Visual Studio 2010\Projects\SnippingTool\SnippingTool\Debug\link.1896-cvtres.read.1.tlog
C:\Users\lol\Documents\Visual Studio 2010\Projects\SnippingTool\SnippingTool\Debug\link.1896-cvtres.write.1.tlog
C:\Users\lol\Documents\Visual Studio 2010\Projects\SnippingTool\SnippingTool\Debug\link.1992.read.1.tlog
C:\Users\lol\Documents\Visual Studio 2010\Projects\SnippingTool\SnippingTool\Debug\link.1992.write.1.tlog
C:\Users\lol\Documents\Visual Studio 2010\Projects\SnippingTool\SnippingTool\Debug\link.1992-cvtres.read.1.tlog
C:\Users\lol\Documents\Visual Studio 2010\Projects\SnippingTool\SnippingTool\Debug\link.1992-cvtres.write.1.tlog
C:\Users\lol\Documents\Visual Studio 2010\Projects\SnippingTool\SnippingTool\Debug\link.1996.read.1.tlog
C:\Users\lol\Documents\Visual Studio 2010\Projects\SnippingTool\SnippingTool\Debug\link.1996.write.1.tlog
C:\Users\lol\Documents\Visual Studio 2010\Projects\SnippingTool\SnippingTool\Debug\link.1996-cvtres.read.1.tlog
C:\Users\lol\Documents\Visual Studio 2010\Projects\SnippingTool\SnippingTool\Debug\link.1996-cvtres.write.1.tlog
C:\Users\lol\Documents\Visual Studio 2010\Projects\SnippingTool\SnippingTool\Debug\link.2008.read.1.tlog
C:\Users\lol\Documents\Visual Studio 2010\Projects\SnippingTool\SnippingTool\Debug\link.2008.write.1.tlog
C:\Users\lol\Documents\Visual Studio 2010\Projects\SnippingTool\SnippingTool\Debug\link.2008-cvtres.read.1.tlog
C:\Users\lol\Documents\Visual Studio 2010\Projects\SnippingTool\SnippingTool\Debug\link.2008-cvtres.write.1.tlog
C:\Users\lol\Documents\Visual Studio 2010\Projects\SnippingTool\SnippingTool\Debug\link.2296.read.1.tlog
C:\Users\lol\Documents\Visual Studio 2010\Projects\SnippingTool\SnippingTool\Debug\link.2296.write.1.tlog
C:\Users\lol\Documents\Visual Studio 2010\Projects\SnippingTool\SnippingTool\Debug\link.2296-cvtres.read.1.tlog
C:\Users\lol\Documents\Visual Studio 2010\Projects\SnippingTool\SnippingTool\Debug\link.2296-cvtres.write.1.tlog
C:\Users\lol\Documents\Visual Studio 2010\Projects\SnippingTool\SnippingTool\Debug\link.2300.read.1.tlog
C:\Users\lol\Documents\Visual Studio 2010\Projects\SnippingTool\SnippingTool\Debug\link.2300.write.1.tlog
C:\Users\lol\Documents\Visual Studio 2010\Projects\SnippingTool\SnippingTool\Debug\link.2300-cvtres.read.1.tlog
C:\Users\lol\Documents\Visual Studio 2010\Projects\SnippingTool\SnippingTool\Debug\link.2300-cvtres.write.1.tlog
C:\Users\lol\Documents\Visual Studio 2010\Projects\SnippingTool\SnippingTool\Debug\link.2344.read.1.tlog
C:\Users\lol\Documents\Visual Studio 2010\Projects\SnippingTool\SnippingTool\Debug\link.2344.write.1.tlog
C:\Users\lol\Documents\Visual Studio 2010\Projects\SnippingTool\SnippingTool\Debug\link.2344-cvtres.read.1.tlog
C:\Users\lol\Documents\Visual Studio 2010\Projects\SnippingTool\SnippingTool\Debug\link.2344-cvtres.write.1.tlog
C:\Users\lol\Documents\Visual Studio 2010\Projects\SnippingTool\SnippingTool\Debug\link.2480.read.1.tlog
C:\Users\lol\Documents\Visual Studio 2010\Projects\SnippingTool\SnippingTool\Debug\link.2480.write.1.tlog
C:\Users\lol\Documents\Visual Studio 2010\Projects\SnippingTool\SnippingTool\Debug\link.2480-cvtres.read.1.tlog
C:\Users\lol\Documents\Visual Studio 2010\Projects\SnippingTool\SnippingTool\Debug\link.2480-cvtres.write.1.tlog
C:\Users\lol\Documents\Visual Studio 2010\Projects\SnippingTool\SnippingTool\Debug\link.2656.read.1.tlog
C:\Users\lol\Documents\Visual Studio 2010\Projects\SnippingTool\SnippingTool\Debug\link.2656.write.1.tlog
C:\Users\lol\Documents\Visual Studio 2010\Projects\SnippingTool\SnippingTool\Debug\link.2656-cvtres.read.1.tlog
C:\Users\lol\Documents\Visual Studio 2010\Projects\SnippingTool\SnippingTool\Debug\link.2656-cvtres.write.1.tlog
C:\Users\lol\Documents\Visual Studio 2010\Projects\SnippingTool\SnippingTool\Debug\link.2708.read.1.tlog
C:\Users\lol\Documents\Visual Studio 2010\Projects\SnippingTool\SnippingTool\Debug\link.2708.write.1.tlog
C:\Users\lol\Documents\Visual Studio 2010\Projects\SnippingTool\SnippingTool\Debug\link.2708-cvtres.read.1.tlog
C:\Users\lol\Documents\Visual Studio 2010\Projects\SnippingTool\SnippingTool\Debug\link.2708-cvtres.write.1.tlog
C:\Users\lol\Documents\Visual Studio 2010\Projects\SnippingTool\SnippingTool\Debug\link.2808.read.1.tlog
C:\Users\lol\Documents\Visual Studio 2010\Projects\SnippingTool\SnippingTool\Debug\link.2808.write.1.tlog
C:\Users\lol\Documents\Visual Studio 2010\Projects\SnippingTool\SnippingTool\Debug\link.2808-cvtres.read.1.tlog
C:\Users\lol\Documents\Visual Studio 2010\Projects\SnippingTool\SnippingTool\Debug\link.2808-cvtres.write.1.tlog
C:\Users\lol\Documents\Visual Studio 2010\Projects\SnippingTool\SnippingTool\Debug\link.284.read.1.tlog
C:\Users\lol\Documents\Visual Studio 2010\Projects\SnippingTool\SnippingTool\Debug\link.284.write.1.tlog
C:\Users\lol\Documents\Visual Studio 2010\Projects\SnippingTool\SnippingTool\Debug\link.284-cvtres.read.1.tlog
C:\Users\lol\Documents\Visual Studio 2010\Projects\SnippingTool\SnippingTool\Debug\link.284-cvtres.write.1.tlog
C:\Users\lol\Documents\Visual Studio 2010\Projects\SnippingTool\SnippingTool\Debug\link.292.read.1.tlog
C:\Users\lol\Documents\Visual Studio 2010\Projects\SnippingTool\SnippingTool\Debug\link.292.write.1.tlog
C:\Users\lol\Documents\Visual Studio 2010\Projects\SnippingTool\SnippingTool\Debug\link.292-cvtres.read.1.tlog
C:\Users\lol\Documents\Visual Studio 2010\Projects\SnippingTool\SnippingTool\Debug\link.292-cvtres.write.1.tlog
C:\Users\lol\Documents\Visual Studio 2010\Projects\SnippingTool\SnippingTool\Debug\link.2984.read.1.tlog
C:\Users\lol\Documents\Visual Studio 2010\Projects\SnippingTool\SnippingTool\Debug\link.2984.write.1.tlog
C:\Users\lol\Documents\Visual Studio 2010\Projects\SnippingTool\SnippingTool\Debug\link.2984-cvtres.read.1.tlog
C:\Users\lol\Documents\Visual Studio 2010\Projects\SnippingTool\SnippingTool\Debug\link.2984-cvtres.write.1.tlog
C:\Users\lol\Documents\Visual Studio 2010\Projects\SnippingTool\SnippingTool\Debug\link.3108.read.1.tlog
C:\Users\lol\Documents\Visual Studio 2010\Projects\SnippingTool\SnippingTool\Debug\link.3108.write.1.tlog
C:\Users\lol\Documents\Visual Studio 2010\Projects\SnippingTool\SnippingTool\Debug\link.3108-cvtres.read.1.tlog
C:\Users\lol\Documents\Visual Studio 2010\Projects\SnippingTool\SnippingTool\Debug\link.3108-cvtres.write.1.tlog
C:\Users\lol\Documents\Visual Studio 2010\Projects\SnippingTool\SnippingTool\Debug\link.3164.read.1.tlog
C:\Users\lol\Documents\Visual Studio 2010\Projects\SnippingTool\SnippingTool\Debug\link.3164.write.1.tlog
C:\Users\lol\Documents\Visual Studio 2010\Projects\SnippingTool\SnippingTool\Debug\link.3164-cvtres.read.1.tlog
C:\Users\lol\Documents\Visual Studio 2010\Projects\SnippingTool\SnippingTool\Debug\link.3164-cvtres.write.1.tlog
C:\Users\lol\Documents\Visual Studio 2010\Projects\SnippingTool\SnippingTool\Debug\link.3600.read.1.tlog
C:\Users\lol\Documents\Visual Studio 2010\Projects\SnippingTool\SnippingTool\Debug\link.3600.write.1.tlog
C:\Users\lol\Documents\Visual Studio 2010\Projects\SnippingTool\SnippingTool\Debug\link.3600-cvtres.read.1.tlog
C:\Users\lol\Documents\Visual Studio 2010\Projects\SnippingTool\SnippingTool\Debug\link.3600-cvtres.write.1.tlog
C:\Users\lol\Documents\Visual Studio 2010\Projects\SnippingTool\SnippingTool\Debug\link.3688.read.1.tlog
C:\Users\lol\Documents\Visual Studio 2010\Projects\SnippingTool\SnippingTool\Debug\link.3688.write.1.tlog
C:\Users\lol\Documents\Visual Studio 2010\Projects\SnippingTool\SnippingTool\Debug\link.3688-cvtres.read.1.tlog
C:\Users\lol\Documents\Visual Studio 2010\Projects\SnippingTool\SnippingTool\Debug\link.3688-cvtres.write.1.tlog
C:\Users\lol\Documents\Visual Studio 2010\Projects\SnippingTool\SnippingTool\Debug\link.3724.read.1.tlog
C:\Users\lol\Documents\Visual Studio 2010\Projects\SnippingTool\SnippingTool\Debug\link.3724.write.1.tlog
C:\Users\lol\Documents\Visual Studio 2010\Projects\SnippingTool\SnippingTool\Debug\link.3724-cvtres.read.1.tlog
C:\Users\lol\Documents\Visual Studio 2010\Projects\SnippingTool\SnippingTool\Debug\link.3724-cvtres.write.1.tlog
C:\Users\lol\Documents\Visual Studio 2010\Projects\SnippingTool\SnippingTool\Debug\link.3756.read.1.tlog
C:\Users\lol\Documents\Visual Studio 2010\Projects\SnippingTool\SnippingTool\Debug\link.3756.write.1.tlog
C:\Users\lol\Documents\Visual Studio 2010\Projects\SnippingTool\SnippingTool\Debug\link.3756-cvtres.read.1.tlog
C:\Users\lol\Documents\Visual Studio 2010\Projects\SnippingTool\SnippingTool\Debug\link.3756-cvtres.write.1.tlog
C:\Users\lol\Documents\Visual Studio 2010\Projects\SnippingTool\SnippingTool\Debug\link.3808.read.1.tlog
C:\Users\lol\Documents\Visual Studio 2010\Projects\SnippingTool\SnippingTool\Debug\link.3808.write.1.tlog
C:\Users\lol\Documents\Visual Studio 2010\Projects\SnippingTool\SnippingTool\Debug\link.3808-cvtres.read.1.tlog
C:\Users\lol\Documents\Visual Studio 2010\Projects\SnippingTool\SnippingTool\Debug\link.3808-cvtres.write.1.tlog
C:\Users\lol\Documents\Visual Studio 2010\Projects\SnippingTool\SnippingTool\Debug\link.4064.read.1.tlog
C:\Users\lol\Documents\Visual Studio 2010\Projects\SnippingTool\SnippingTool\Debug\link.4064.write.1.tlog
C:\Users\lol\Documents\Visual Studio 2010\Projects\SnippingTool\SnippingTool\Debug\link.4064-cvtres.read.1.tlog
C:\Users\lol\Documents\Visual Studio 2010\Projects\SnippingTool\SnippingTool\Debug\link.4064-cvtres.write.1.tlog
C:\Users\lol\Documents\Visual Studio 2010\Projects\SnippingTool\SnippingTool\Debug\link.4272.read.1.tlog
C:\Users\lol\Documents\Visual Studio 2010\Projects\SnippingTool\SnippingTool\Debug\link.4272.write.1.tlog
C:\Users\lol\Documents\Visual Studio 2010\Projects\SnippingTool\SnippingTool\Debug\link.4272-cvtres.read.1.tlog
C:\Users\lol\Documents\Visual Studio 2010\Projects\SnippingTool\SnippingTool\Debug\link.4272-cvtres.write.1.tlog
C:\Users\lol\Documents\Visual Studio 2010\Projects\SnippingTool\SnippingTool\Debug\link.4356.read.1.tlog
C:\Users\lol\Documents\Visual Studio 2010\Projects\SnippingTool\SnippingTool\Debug\link.4356.write.1.tlog
C:\Users\lol\Documents\Visual Studio 2010\Projects\SnippingTool\SnippingTool\Debug\link.4356-cvtres.read.1.tlog
C:\Users\lol\Documents\Visual Studio 2010\Projects\SnippingTool\SnippingTool\Debug\link.4356-cvtres.write.1.tlog
C:\Users\lol\Documents\Visual Studio 2010\Projects\SnippingTool\SnippingTool\Debug\link.4424.read.1.tlog
C:\Users\lol\Documents\Visual Studio 2010\Projects\SnippingTool\SnippingTool\Debug\link.4424.write.1.tlog
C:\Users\lol\Documents\Visual Studio 2010\Projects\SnippingTool\SnippingTool\Debug\link.4424-cvtres.read.1.tlog
C:\Users\lol\Documents\Visual Studio 2010\Projects\SnippingTool\SnippingTool\Debug\link.4424-cvtres.write.1.tlog
C:\Users\lol\Documents\Visual Studio 2010\Projects\SnippingTool\SnippingTool\Debug\link.4480.read.1.tlog
C:\Users\lol\Documents\Visual Studio 2010\Projects\SnippingTool\SnippingTool\Debug\link.4480.write.1.tlog
C:\Users\lol\Documents\Visual Studio 2010\Projects\SnippingTool\SnippingTool\Debug\link.4480-cvtres.read.1.tlog
C:\Users\lol\Documents\Visual Studio 2010\Projects\SnippingTool\SnippingTool\Debug\link.4480-cvtres.write.1.tlog
C:\Users\lol\Documents\Visual Studio 2010\Projects\SnippingTool\SnippingTool\Debug\link.4524.read.1.tlog
C:\Users\lol\Documents\Visual Studio 2010\Projects\SnippingTool\SnippingTool\Debug\link.4524.write.1.tlog
C:\Users\lol\Documents\Visual Studio 2010\Projects\SnippingTool\SnippingTool\Debug\link.4524-cvtres.read.1.tlog
C:\Users\lol\Documents\Visual Studio 2010\Projects\SnippingTool\SnippingTool\Debug\link.4524-cvtres.write.1.tlog
C:\Users\lol\Documents\Visual Studio 2010\Projects\SnippingTool\SnippingTool\Debug\link.4624.read.1.tlog
C:\Users\lol\Documents\Visual Studio 2010\Projects\SnippingTool\SnippingTool\Debug\link.4624.write.1.tlog
C:\Users\lol\Documents\Visual Studio 2010\Projects\SnippingTool\SnippingTool\Debug\link.4624-cvtres.read.1.tlog
C:\Users\lol\Documents\Visual Studio 2010\Projects\SnippingTool\SnippingTool\Debug\link.4624-cvtres.write.1.tlog
C:\Users\lol\Documents\Visual Studio 2010\Projects\SnippingTool\SnippingTool\Debug\link.4636.read.1.tlog
C:\Users\lol\Documents\Visual Studio 2010\Projects\SnippingTool\SnippingTool\Debug\link.4636.write.1.tlog
C:\Users\lol\Documents\Visual Studio 2010\Projects\SnippingTool\SnippingTool\Debug\link.4636-cvtres.read.1.tlog
C:\Users\lol\Documents\Visual Studio 2010\Projects\SnippingTool\SnippingTool\Debug\link.4636-cvtres.write.1.tlog
C:\Users\lol\Documents\Visual Studio 2010\Projects\SnippingTool\SnippingTool\Debug\link.4680.read.1.tlog
C:\Users\lol\Documents\Visual Studio 2010\Projects\SnippingTool\SnippingTool\Debug\link.4680.write.1.tlog
C:\Users\lol\Documents\Visual Studio 2010\Projects\SnippingTool\SnippingTool\Debug\link.4680-cvtres.read.1.tlog
C:\Users\lol\Documents\Visual Studio 2010\Projects\SnippingTool\SnippingTool\Debug\link.4680-cvtres.write.1.tlog
C:\Users\lol\Documents\Visual Studio 2010\Projects\SnippingTool\SnippingTool\Debug\link.4808.read.1.tlog
C:\Users\lol\Documents\Visual Studio 2010\Projects\SnippingTool\SnippingTool\Debug\link.4808.write.1.tlog
C:\Users\lol\Documents\Visual Studio 2010\Projects\SnippingTool\SnippingTool\Debug\link.4808-cvtres.read.1.tlog
C:\Users\lol\Documents\Visual Studio 2010\Projects\SnippingTool\SnippingTool\Debug\link.4808-cvtres.write.1.tlog
C:\Users\lol\Documents\Visual Studio 2010\Projects\SnippingTool\SnippingTool\Debug\link.4912.read.1.tlog
C:\Users\lol\Documents\Visual Studio 2010\Projects\SnippingTool\SnippingTool\Debug\link.4912.write.1.tlog
C:\Users\lol\Documents\Visual Studio 2010\Projects\SnippingTool\SnippingTool\Debug\link.4912-cvtres.read.1.tlog
C:\Users\lol\Documents\Visual Studio 2010\Projects\SnippingTool\SnippingTool\Debug\link.4912-cvtres.write.1.tlog
C:\Users\lol\Documents\Visual Studio 2010\Projects\SnippingTool\SnippingTool\Debug\link.4920.read.1.tlog
C:\Users\lol\Documents\Visual Studio 2010\Projects\SnippingTool\SnippingTool\Debug\link.4920.write.1.tlog
C:\Users\lol\Documents\Visual Studio 2010\Projects\SnippingTool\SnippingTool\Debug\link.4920-cvtres.read.1.tlog
C:\Users\lol\Documents\Visual Studio 2010\Projects\SnippingTool\SnippingTool\Debug\link.4920-cvtres.write.1.tlog
C:\Users\lol\Documents\Visual Studio 2010\Projects\SnippingTool\SnippingTool\Debug\link.4996.read.1.tlog
C:\Users\lol\Documents\Visual Studio 2010\Projects\SnippingTool\SnippingTool\Debug\link.4996.write.1.tlog
C:\Users\lol\Documents\Visual Studio 2010\Projects\SnippingTool\SnippingTool\Debug\link.4996-cvtres.read.1.tlog
C:\Users\lol\Documents\Visual Studio 2010\Projects\SnippingTool\SnippingTool\Debug\link.4996-cvtres.write.1.tlog
C:\Users\lol\Documents\Visual Studio 2010\Projects\SnippingTool\SnippingTool\Debug\link.5036.read.1.tlog
C:\Users\lol\Documents\Visual Studio 2010\Projects\SnippingTool\SnippingTool\Debug\link.5036.write.1.tlog
C:\Users\lol\Documents\Visual Studio 2010\Projects\SnippingTool\SnippingTool\Debug\link.5036-cvtres.read.1.tlog
C:\Users\lol\Documents\Visual Studio 2010\Projects\SnippingTool\SnippingTool\Debug\link.5036-cvtres.write.1.tlog
C:\Users\lol\Documents\Visual Studio 2010\Projects\SnippingTool\SnippingTool\Debug\link.5064.read.1.tlog
C:\Users\lol\Documents\Visual Studio 2010\Projects\SnippingTool\SnippingTool\Debug\link.5064.write.1.tlog
C:\Users\lol\Documents\Visual Studio 2010\Projects\SnippingTool\SnippingTool\Debug\link.5064-cvtres.read.1.tlog
C:\Users\lol\Documents\Visual Studio 2010\Projects\SnippingTool\SnippingTool\Debug\link.5064-cvtres.write.1.tlog
C:\Users\lol\Documents\Visual Studio 2010\Projects\SnippingTool\SnippingTool\Debug\link.5088.read.1.tlog
C:\Users\lol\Documents\Visual Studio 2010\Projects\SnippingTool\SnippingTool\Debug\link.5088.write.1.tlog
C:\Users\lol\Documents\Visual Studio 2010\Projects\SnippingTool\SnippingTool\Debug\link.5088-cvtres.read.1.tlog
C:\Users\lol\Documents\Visual Studio 2010\Projects\SnippingTool\SnippingTool\Debug\link.5088-cvtres.write.1.tlog
C:\Users\lol\Documents\Visual Studio 2010\Projects\SnippingTool\SnippingTool\Debug\link.5168.read.1.tlog
C:\Users\lol\Documents\Visual Studio 2010\Projects\SnippingTool\SnippingTool\Debug\link.5168.write.1.tlog
C:\Users\lol\Documents\Visual Studio 2010\Projects\SnippingTool\SnippingTool\Debug\link.5168-cvtres.read.1.tlog
C:\Users\lol\Documents\Visual Studio 2010\Projects\SnippingTool\SnippingTool\Debug\link.5168-cvtres.write.1.tlog
C:\Users\lol\Documents\Visual Studio 2010\Projects\SnippingTool\SnippingTool\Debug\link.52.read.1.tlog
C:\Users\lol\Documents\Visual Studio 2010\Projects\SnippingTool\SnippingTool\Debug\link.52.write.1.tlog
C:\Users\lol\Documents\Visual Studio 2010\Projects\SnippingTool\SnippingTool\Debug\link.5240.read.1.tlog
C:\Users\lol\Documents\Visual Studio 2010\Projects\SnippingTool\SnippingTool\Debug\link.5240.write.1.tlog
C:\Users\lol\Documents\Visual Studio 2010\Projects\SnippingTool\SnippingTool\Debug\link.5240-cvtres.read.1.tlog
C:\Users\lol\Documents\Visual Studio 2010\Projects\SnippingTool\SnippingTool\Debug\link.5240-cvtres.write.1.tlog
C:\Users\lol\Documents\Visual Studio 2010\Projects\SnippingTool\SnippingTool\Debug\link.5280.read.1.tlog
C:\Users\lol\Documents\Visual Studio 2010\Projects\SnippingTool\SnippingTool\Debug\link.5280.write.1.tlog
C:\Users\lol\Documents\Visual Studio 2010\Projects\SnippingTool\SnippingTool\Debug\link.5280-cvtres.read.1.tlog
C:\Users\lol\Documents\Visual Studio 2010\Projects\SnippingTool\SnippingTool\Debug\link.5280-cvtres.write.1.tlog
C:\Users\lol\Documents\Visual Studio 2010\Projects\SnippingTool\SnippingTool\Debug\link.52-cvtres.read.1.tlog
C:\Users\lol\Documents\Visual Studio 2010\Projects\SnippingTool\SnippingTool\Debug\link.52-cvtres.write.1.tlog
C:\Users\lol\Documents\Visual Studio 2010\Projects\SnippingTool\SnippingTool\Debug\link.5392.read.1.tlog
C:\Users\lol\Documents\Visual Studio 2010\Projects\SnippingTool\SnippingTool\Debug\link.5392.write.1.tlog
C:\Users\lol\Documents\Visual Studio 2010\Projects\SnippingTool\SnippingTool\Debug\link.5392-cvtres.read.1.tlog
C:\Users\lol\Documents\Visual Studio 2010\Projects\SnippingTool\SnippingTool\Debug\link.5392-cvtres.write.1.tlog
C:\Users\lol\Documents\Visual Studio 2010\Projects\SnippingTool\SnippingTool\Debug\link.56.read.1.tlog
C:\Users\lol\Documents\Visual Studio 2010\Projects\SnippingTool\SnippingTool\Debug\link.56.write.1.tlog
C:\Users\lol\Documents\Visual Studio 2010\Projects\SnippingTool\SnippingTool\Debug\link.5632.read.1.tlog
C:\Users\lol\Documents\Visual Studio 2010\Projects\SnippingTool\SnippingTool\Debug\link.5632.write.1.tlog
C:\Users\lol\Documents\Visual Studio 2010\Projects\SnippingTool\SnippingTool\Debug\link.5632-cvtres.read.1.tlog
C:\Users\lol\Documents\Visual Studio 2010\Projects\SnippingTool\SnippingTool\Debug\link.5632-cvtres.write.1.tlog
C:\Users\lol\Documents\Visual Studio 2010\Projects\SnippingTool\SnippingTool\Debug\link.5636.read.1.tlog
C:\Users\lol\Documents\Visual Studio 2010\Projects\SnippingTool\SnippingTool\Debug\link.5636.write.1.tlog
C:\Users\lol\Documents\Visual Studio 2010\Projects\SnippingTool\SnippingTool\Debug\link.5636-cvtres.read.1.tlog
C:\Users\lol\Documents\Visual Studio 2010\Projects\SnippingTool\SnippingTool\Debug\link.5636-cvtres.write.1.tlog
C:\Users\lol\Documents\Visual Studio 2010\Projects\SnippingTool\SnippingTool\Debug\link.5656.read.1.tlog
C:\Users\lol\Documents\Visual Studio 2010\Projects\SnippingTool\SnippingTool\Debug\link.5656.write.1.tlog
C:\Users\lol\Documents\Visual Studio 2010\Projects\SnippingTool\SnippingTool\Debug\link.5656-cvtres.read.1.tlog
C:\Users\lol\Documents\Visual Studio 2010\Projects\SnippingTool\SnippingTool\Debug\link.5656-cvtres.write.1.tlog
C:\Users\lol\Documents\Visual Studio 2010\Projects\SnippingTool\SnippingTool\Debug\link.56-cvtres.read.1.tlog
C:\Users\lol\Documents\Visual Studio 2010\Projects\SnippingTool\SnippingTool\Debug\link.56-cvtres.write.1.tlog
C:\Users\lol\Documents\Visual Studio 2010\Projects\SnippingTool\SnippingTool\Debug\link.5728.read.1.tlog
C:\Users\lol\Documents\Visual Studio 2010\Projects\SnippingTool\SnippingTool\Debug\link.5728.write.1.tlog
C:\Users\lol\Documents\Visual Studio 2010\Projects\SnippingTool\SnippingTool\Debug\link.5728-cvtres.read.1.tlog
C:\Users\lol\Documents\Visual Studio 2010\Projects\SnippingTool\SnippingTool\Debug\link.5728-cvtres.write.1.tlog
C:\Users\lol\Documents\Visual Studio 2010\Projects\SnippingTool\SnippingTool\Debug\link.5748.read.1.tlog
C:\Users\lol\Documents\Visual Studio 2010\Projects\SnippingTool\SnippingTool\Debug\link.5748.write.1.tlog
C:\Users\lol\Documents\Visual Studio 2010\Projects\SnippingTool\SnippingTool\Debug\link.5748-cvtres.read.1.tlog
C:\Users\lol\Documents\Visual Studio 2010\Projects\SnippingTool\SnippingTool\Debug\link.5748-cvtres.write.1.tlog
C:\Users\lol\Documents\Visual Studio 2010\Projects\SnippingTool\SnippingTool\Debug\link.5888.read.1.tlog
C:\Users\lol\Documents\Visual Studio 2010\Projects\SnippingTool\SnippingTool\Debug\link.5888.write.1.tlog
C:\Users\lol\Documents\Visual Studio 2010\Projects\SnippingTool\SnippingTool\Debug\link.5888-cvtres.read.1.tlog
C:\Users\lol\Documents\Visual Studio 2010\Projects\SnippingTool\SnippingTool\Debug\link.5888-cvtres.write.1.tlog
C:\Users\lol\Documents\Visual Studio 2010\Projects\SnippingTool\SnippingTool\Debug\link.5900.read.1.tlog
C:\Users\lol\Documents\Visual Studio 2010\Projects\SnippingTool\SnippingTool\Debug\link.5900.write.1.tlog
C:\Users\lol\Documents\Visual Studio 2010\Projects\SnippingTool\SnippingTool\Debug\link.5900-cvtres.read.1.tlog
C:\Users\lol\Documents\Visual Studio 2010\Projects\SnippingTool\SnippingTool\Debug\link.5900-cvtres.write.1.tlog
C:\Users\lol\Documents\Visual Studio 2010\Projects\SnippingTool\SnippingTool\Debug\link.5936.read.1.tlog
C:\Users\lol\Documents\Visual Studio 2010\Projects\SnippingTool\SnippingTool\Debug\link.5936.write.1.tlog
C:\Users\lol\Documents\Visual Studio 2010\Projects\SnippingTool\SnippingTool\Debug\link.5936-cvtres.read.1.tlog
C:\Users\lol\Documents\Visual Studio 2010\Projects\SnippingTool\SnippingTool\Debug\link.5936-cvtres.write.1.tlog
C:\Users\lol\Documents\Visual Studio 2010\Projects\SnippingTool\SnippingTool\Debug\link.6028.read.1.tlog
C:\Users\lol\Documents\Visual Studio 2010\Projects\SnippingTool\SnippingTool\Debug\link.6028.write.1.tlog
C:\Users\lol\Documents\Visual Studio 2010\Projects\SnippingTool\SnippingTool\Debug\link.6028-cvtres.read.1.tlog
C:\Users\lol\Documents\Visual Studio 2010\Projects\SnippingTool\SnippingTool\Debug\link.6028-cvtres.write.1.tlog
C:\Users\lol\Documents\Visual Studio 2010\Projects\SnippingTool\SnippingTool\Debug\link.6044.read.1.tlog
C:\Users\lol\Documents\Visual Studio 2010\Projects\SnippingTool\SnippingTool\Debug\link.6044.write.1.tlog
C:\Users\lol\Documents\Visual Studio 2010\Projects\SnippingTool\SnippingTool\Debug\link.6044-cvtres.read.1.tlog
C:\Users\lol\Documents\Visual Studio 2010\Projects\SnippingTool\SnippingTool\Debug\link.6044-cvtres.write.1.tlog
C:\Users\lol\Documents\Visual Studio 2010\Projects\SnippingTool\SnippingTool\Debug\link.6420.read.1.tlog
C:\Users\lol\Documents\Visual Studio 2010\Projects\SnippingTool\SnippingTool\Debug\link.6420.write.1.tlog
C:\Users\lol\Documents\Visual Studio 2010\Projects\SnippingTool\SnippingTool\Debug\link.6420-cvtres.read.1.tlog
C:\Users\lol\Documents\Visual Studio 2010\Projects\SnippingTool\SnippingTool\Debug\link.6420-cvtres.write.1.tlog
C:\Users\lol\Documents\Visual Studio 2010\Projects\SnippingTool\SnippingTool\Debug\link.6456.read.1.tlog
C:\Users\lol\Documents\Visual Studio 2010\Projects\SnippingTool\SnippingTool\Debug\link.6456.write.1.tlog
C:\Users\lol\Documents\Visual Studio 2010\Projects\SnippingTool\SnippingTool\Debug\link.6456-cvtres.read.1.tlog
C:\Users\lol\Documents\Visual Studio 2010\Projects\SnippingTool\SnippingTool\Debug\link.6456-cvtres.write.1.tlog
C:\Users\lol\Documents\Visual Studio 2010\Projects\SnippingTool\SnippingTool\Debug\link.688.read.1.tlog
C:\Users\lol\Documents\Visual Studio 2010\Projects\SnippingTool\SnippingTool\Debug\link.688.write.1.tlog
C:\Users\lol\Documents\Visual Studio 2010\Projects\SnippingTool\SnippingTool\Debug\link.688-cvtres.read.1.tlog
C:\Users\lol\Documents\Visual Studio 2010\Projects\SnippingTool\SnippingTool\Debug\link.688-cvtres.write.1.tlog
C:\Users\lol\Documents\Visual Studio 2010\Projects\SnippingTool\SnippingTool\Debug\link.6932.read.1.tlog
C:\Users\lol\Documents\Visual Studio 2010\Projects\SnippingTool\SnippingTool\Debug\link.6932.write.1.tlog
C:\Users\lol\Documents\Visual Studio 2010\Projects\SnippingTool\SnippingTool\Debug\link.6932-cvtres.read.1.tlog
C:\Users\lol\Documents\Visual Studio 2010\Projects\SnippingTool\SnippingTool\Debug\link.6932-cvtres.write.1.tlog
C:\Users\lol\Documents\Visual Studio 2010\Projects\SnippingTool\SnippingTool\Debug\link.704.read.1.tlog
C:\Users\lol\Documents\Visual Studio 2010\Projects\SnippingTool\SnippingTool\Debug\link.704.write.1.tlog
C:\Users\lol\Documents\Visual Studio 2010\Projects\SnippingTool\SnippingTool\Debug\link.704-cvtres.read.1.tlog
C:\Users\lol\Documents\Visual Studio 2010\Projects\SnippingTool\SnippingTool\Debug\link.704-cvtres.write.1.tlog
C:\Users\lol\Documents\Visual Studio 2010\Projects\SnippingTool\SnippingTool\Debug\link.712.read.1.tlog
C:\Users\lol\Documents\Visual Studio 2010\Projects\SnippingTool\SnippingTool\Debug\link.712.write.1.tlog
C:\Users\lol\Documents\Visual Studio 2010\Projects\SnippingTool\SnippingTool\Debug\link.712-cvtres.read.1.tlog
C:\Users\lol\Documents\Visual Studio 2010\Projects\SnippingTool\SnippingTool\Debug\link.712-cvtres.write.1.tlog
C:\Users\lol\Documents\Visual Studio 2010\Projects\SnippingTool\SnippingTool\Debug\link.7152.read.1.tlog
C:\Users\lol\Documents\Visual Studio 2010\Projects\SnippingTool\SnippingTool\Debug\link.7152.write.1.tlog
C:\Users\lol\Documents\Visual Studio 2010\Projects\SnippingTool\SnippingTool\Debug\link.7152-cvtres.read.1.tlog
C:\Users\lol\Documents\Visual Studio 2010\Projects\SnippingTool\SnippingTool\Debug\link.7152-cvtres.write.1.tlog
C:\Users\lol\Documents\Visual Studio 2010\Projects\SnippingTool\SnippingTool\Debug\link.76.read.1.tlog
C:\Users\lol\Documents\Visual Studio 2010\Projects\SnippingTool\SnippingTool\Debug\link.76.write.1.tlog
C:\Users\lol\Documents\Visual Studio 2010\Projects\SnippingTool\SnippingTool\Debug\link.76-cvtres.read.1.tlog
C:\Users\lol\Documents\Visual Studio 2010\Projects\SnippingTool\SnippingTool\Debug\link.76-cvtres.write.1.tlog
C:\Users\lol\Documents\Visual Studio 2010\Projects\SnippingTool\SnippingTool\Debug\link.776.read.1.tlog
C:\Users\lol\Documents\Visual Studio 2010\Projects\SnippingTool\SnippingTool\Debug\link.776.write.1.tlog
C:\Users\lol\Documents\Visual Studio 2010\Projects\SnippingTool\SnippingTool\Debug\link.776-cvtres.read.1.tlog
C:\Users\lol\Documents\Visual Studio 2010\Projects\SnippingTool\SnippingTool\Debug\link.776-cvtres.write.1.tlog
C:\Users\lol\Documents\Visual Studio 2010\Projects\SnippingTool\SnippingTool\Debug\link.888.read.1.tlog
C:\Users\lol\Documents\Visual Studio 2010\Projects\SnippingTool\SnippingTool\Debug\link.888.write.1.tlog
C:\Users\lol\Documents\Visual Studio 2010\Projects\SnippingTool\SnippingTool\Debug\link.888-cvtres.read.1.tlog
C:\Users\lol\Documents\Visual Studio 2010\Projects\SnippingTool\SnippingTool\Debug\link.888-cvtres.write.1.tlog
C:\Users\lol\Documents\Visual Studio 2010\Projects\SnippingTool\SnippingTool\Debug\link.988.read.1.tlog
C:\Users\lol\Documents\Visual Studio 2010\Projects\SnippingTool\SnippingTool\Debug\link.988.write.1.tlog
C:\Users\lol\Documents\Visual Studio 2010\Projects\SnippingTool\SnippingTool\Debug\link.988-cvtres.read.1.tlog
C:\Users\lol\Documents\Visual Studio 2010\Projects\SnippingTool\SnippingTool\Debug\link.988-cvtres.write.1.tlog
C:\Users\lol\Documents\Visual Studio 2010\Projects\SnippingTool\SnippingTool\Debug\link.command.1.tlog
C:\Users\lol\Documents\Visual Studio 2010\Projects\SnippingTool\SnippingTool\Debug\link.read.1.tlog
C:\Users\lol\Documents\Visual Studio 2010\Projects\SnippingTool\SnippingTool\Debug\link.write.1.tlog
C:\Users\lol\Documents\Visual Studio 2010\Projects\SnippingTool\SnippingTool\Debug\mt.command.1.tlog
C:\Users\lol\Documents\Visual Studio 2010\Projects\SnippingTool\SnippingTool\Debug\mt.read.1.tlog
C:\Users\lol\Documents\Visual Studio 2010\Projects\SnippingTool\SnippingTool\Debug\mt.write.1.tlog
C:\Users\lol\Documents\Visual Studio 2010\Projects\SnippingTool\SnippingTool\Debug\rc.command.1.tlog
C:\Users\lol\Documents\Visual Studio 2010\Projects\SnippingTool\SnippingTool\Debug\rc.read.1.tlog
C:\Users\lol\Documents\Visual Studio 2010\Projects\SnippingTool\SnippingTool\Debug\rc.write.1.tlog
C:\USERS\LOL\DOCUMENTS\VISUAL STUDIO 2010\PROJECTS\SNIPPINGTOOL\SNIPPINGTOOL\DEBUG\SNIPPINGTOOL.EXE.INTERMEDIATE.MANIFEST
C:\Users\lol\Documents\Visual Studio 2010\Projects\SnippingTool\SnippingTool\Debug\SnippingTool.Form1.resources
C:\Users\lol\Documents\Visual Studio 2010\Projects\SnippingTool\SnippingTool\Debug\SnippingTool.Form2.resources
C:\USERS\LOL\DOCUMENTS\VISUAL STUDIO 2010\PROJECTS\SNIPPINGTOOL\SNIPPINGTOOL\DEBUG\SNIPPINGTOOL.OBJ
C:\USERS\LOL\DOCUMENTS\VISUAL STUDIO 2010\PROJECTS\SNIPPINGTOOL\SNIPPINGTOOL\DEBUG\SNIPPINGTOOL.PCH
C:\Users\lol\Documents\Visual Studio 2010\Projects\SnippingTool\SnippingTool\Debug\SnippingTool.vcxproj.GenerateResource.Cache
C:\Users\lol\Documents\Visual Studio 2010\Projects\SnippingTool\SnippingTool\Debug\SnippingTool.vcxprojResolveAssemblyReference.cache
C:\Users\lol\Documents\Visual Studio 2010\Projects\SnippingTool\SnippingTool\Debug\SnippingTool.write.1.tlog
C:\USERS\LOL\DOCUMENTS\VISUAL STUDIO 2010\PROJECTS\SNIPPINGTOOL\SNIPPINGTOOL\DEBUG\STDAFX.OBJ
C:\USERS\LOL\DOCUMENTS\VISUAL STUDIO 2010\PROJECTS\SNIPPINGTOOL\SNIPPINGTOOL\DEBUG\VC100.PDB
